#
# A fatal error has been detected by the Java Runtime Environment:
#
#  EXCEPTION_ACCESS_VIOLATION (0xc0000005) at pc=0x0000000056358845, pid=734896, tid=740364
#
# JRE version: Java(TM) SE Runtime Environment (8.0_60-b27) (build 1.8.0_60-b27)
# Java VM: Java HotSpot(TM) 64-Bit Server VM (25.60-b23 mixed mode windows-amd64 compressed oops)
# Problematic frame:
# V  [jvm.dll+0x128845]
#
# Failed to write core dump. Minidumps are not enabled by default on client versions of Windows
#
# If you would like to submit a bug report, please visit:
#   http://bugreport.java.com/bugreport/crash.jsp
#

---------------  T H R E A D  ---------------

Current thread (0x00000000171bf800):  JavaThread "JDWP Transport Listener: dt_socket" daemon [_thread_in_vm, id=740364, stack(0x0000000018b50000,0x0000000018c50000)]

siginfo: ExceptionCode=0xc0000005, reading address 0x0000000000000048

Registers:
RAX=0x0000000018c4f801, RBX=0x00000000171bf800, RCX=0x0000000000000048, RDX=0x0000000000000000
RSP=0x0000000018c4f840, RBP=0x0000000000000048, RSI=0x0000000018c4f958, RDI=0x0000000000cb88e0
R8 =0x00000000171bf800, R9 =0x0000000000008000, R10=0x0000000000000000, R11=0x0000000019026cb1
R12=0x0000000000000000, R13=0x00000000171b5848, R14=0x0000000000000000, R15=0x0000000000000000
RIP=0x0000000056358845, EFLAGS=0x0000000000010206

Top of Stack: (sp=0x0000000018c4f840)
0x0000000018c4f840:   00000000171bf800 00000000171bf800
0x0000000018c4f850:   0000000018c4f908 000000005655e18b
0x0000000018c4f860:   00000000171bf800 000000005657a9ed
0x0000000018c4f870:   0000000000000000 0000000056069155
0x0000000018c4f880:   00000000171d7028 000000005607291e
0x0000000018c4f890:   00000000171bf800 0000000000000000
0x0000000018c4f8a0:   0000000000000000 0000000000000000
0x0000000018c4f8b0:   0000000000000048 0000000056071a15
0x0000000018c4f8c0:   0000000018c4f958 0000000018c4f930
0x0000000018c4f8d0:   0000000000000001 00000000171d7028
0x0000000018c4f8e0:   0000000000000048 00000000560553b3
0x0000000018c4f8f0:   0000000018c4fa20 0000000000000001
0x0000000018c4f900:   0000000000000001 00000000171d7028
0x0000000018c4f910:   0000000000000009 0000000000000000
0x0000000018c4f920:   0000000000000000 0000000000000000
0x0000000018c4f930:   0000000000000001 0000000056055571 

Instructions: (pc=0x0000000056358845)
0x0000000056358825:   cc cc cc cc cc cc cc cc cc cc cc 48 83 ec 28 48
0x0000000056358835:   85 c9 75 07 33 c0 48 83 c4 28 c3 48 89 5c 24 20
0x0000000056358845:   48 8b 19 48 85 db 74 20 48 83 fb 37 74 1a 48 8b
0x0000000056358855:   13 48 8b cb ff 52 10 84 c0 74 0d 48 8b c3 48 8b 


Register to memory mapping:

RAX=0x0000000018c4f801 is pointing into the stack for thread: 0x00000000171bf800
RBX=0x00000000171bf800 is a thread
RCX=0x0000000000000048 is an unknown value
RDX=0x0000000000000000 is an unknown value
RSP=0x0000000018c4f840 is pointing into the stack for thread: 0x00000000171bf800
RBP=0x0000000000000048 is an unknown value
RSI=0x0000000018c4f958 is pointing into the stack for thread: 0x00000000171bf800
RDI=0x0000000000cb88e0 is an unknown value
R8 =0x00000000171bf800 is a thread
R9 =0x0000000000008000 is an unknown value
R10=0x0000000000000000 is an unknown value
R11=0x0000000019026cb1 is an unknown value
R12=0x0000000000000000 is an unknown value
R13=0x00000000171b5848 is an unknown value
R14=0x0000000000000000 is an unknown value
R15=0x0000000000000000 is an unknown value


Stack: [0x0000000018b50000,0x0000000018c50000],  sp=0x0000000018c4f840,  free space=1022k
Native frames: (J=compiled Java code, j=interpreted, Vv=VM code, C=native code)
V  [jvm.dll+0x128845]
V  [jvm.dll+0x34a9ed]
C  [jdwp.dll+0x21a15]
C  [jdwp.dll+0x53b3]
C  [jdwp.dll+0x5571]
C  [jdwp.dll+0xf0a8]
C  [jdwp.dll+0x1f2d5]
C  [jdwp.dll+0x1f4aa]
V  [jvm.dll+0x1bb8e8]
V  [jvm.dll+0x243134]
V  [jvm.dll+0x299f6a]
C  [msvcr100.dll+0x21d9f]
C  [msvcr100.dll+0x21e3b]
C  [KERNEL32.DLL+0x8364]
C  [ntdll.dll+0x670d1]


---------------  P R O C E S S  ---------------

Java Threads: ( => current thread )
  0x0000000018f8e000 JavaThread "Service Thread" daemon [_thread_blocked, id=740556, stack(0x0000000019550000,0x0000000019650000)]
  0x0000000018f75000 JavaThread "C1 CompilerThread2" daemon [_thread_blocked, id=740444, stack(0x0000000019450000,0x0000000019550000)]
  0x000000001720d000 JavaThread "C2 CompilerThread1" daemon [_thread_blocked, id=740452, stack(0x0000000019350000,0x0000000019450000)]
  0x00000000171d3800 JavaThread "C2 CompilerThread0" daemon [_thread_blocked, id=740468, stack(0x0000000018e50000,0x0000000018f50000)]
  0x00000000171c6000 JavaThread "JDWP Command Reader" daemon [_thread_in_native, id=740384, stack(0x0000000018d50000,0x0000000018e50000)]
  0x00000000171c2000 JavaThread "JDWP Event Helper Thread" daemon [_thread_blocked, id=740388, stack(0x0000000018c50000,0x0000000018d50000)]
=>0x00000000171bf800 JavaThread "JDWP Transport Listener: dt_socket" daemon [_thread_in_vm, id=740364, stack(0x0000000018b50000,0x0000000018c50000)]
  0x00000000171ab800 JavaThread "Attach Listener" daemon [_thread_blocked, id=740360, stack(0x0000000018710000,0x0000000018810000)]
  0x00000000171aa000 JavaThread "Signal Dispatcher" daemon [_thread_blocked, id=736136, stack(0x0000000018610000,0x0000000018710000)]
  0x0000000002658800 JavaThread "Finalizer" daemon [_thread_blocked, id=740324, stack(0x0000000018400000,0x0000000018500000)]
  0x0000000017178800 JavaThread "Reference Handler" daemon [_thread_blocked, id=739652, stack(0x0000000018300000,0x0000000018400000)]
  0x0000000000cbd800 JavaThread "main" [_thread_blocked, id=739704, stack(0x0000000002460000,0x0000000002560000)]

Other Threads:
  0x0000000017177800 VMThread [stack: 0x0000000018200000,0x0000000018300000] [id=739828]
  0x0000000018f95800 WatcherThread [stack: 0x0000000019650000,0x0000000019750000] [id=740432]

VM state:not at safepoint (normal execution)

VM Mutex/Monitor currently owned by a thread: None

Heap:
 PSYoungGen      total 38400K, used 2662K [0x00000000d5d80000, 0x00000000d8800000, 0x0000000100000000)
  eden space 33280K, 8% used [0x00000000d5d80000,0x00000000d6019a70,0x00000000d7e00000)
  from space 5120K, 0% used [0x00000000d8300000,0x00000000d8300000,0x00000000d8800000)
  to   space 5120K, 0% used [0x00000000d7e00000,0x00000000d7e00000,0x00000000d8300000)
 ParOldGen       total 87552K, used 0K [0x0000000081800000, 0x0000000086d80000, 0x00000000d5d80000)
  object space 87552K, 0% used [0x0000000081800000,0x0000000081800000,0x0000000086d80000)
 Metaspace       used 3012K, capacity 4632K, committed 4864K, reserved 1056768K
  class space    used 327K, capacity 392K, committed 512K, reserved 1048576K

Card table byte_map: [0x0000000011a20000,0x0000000011e20000] byte_map_base: 0x0000000011614000

Marking Bits: (ParMarkBitMap*) 0x0000000056a3a5b0
 Begin Bits: [0x00000000124d0000, 0x0000000014470000)
 End Bits:   [0x0000000014470000, 0x0000000016410000)

Polling page: 0x0000000000c50000

CodeCache: size=245760Kb used=1144Kb max_used=1144Kb free=244615Kb
 bounds [0x0000000002660000, 0x00000000028d0000, 0x0000000011660000]
 total_blobs=277 nmethods=50 adapters=148
 compilation: enabled

Compilation events (10 events):
Event: 0.271 Thread 0x0000000018f75000   45       3       java.lang.Number::<init> (5 bytes)
Event: 0.271 Thread 0x0000000018f75000 nmethod 45 0x0000000002777e50 code [0x0000000002777fa0, 0x0000000002778150]
Event: 0.271 Thread 0x0000000018f75000   49       3       java.io.DataOutputStream::writeByte (14 bytes)
Event: 0.271 Thread 0x0000000018f75000 nmethod 49 0x000000000277aa10 code [0x000000000277ab80, 0x000000000277ae68]
Event: 0.271 Thread 0x0000000018f75000   43       3       java.util.HashMap::put (13 bytes)
Event: 0.272 Thread 0x0000000018f75000 nmethod 43 0x000000000277a390 code [0x000000000277a520, 0x000000000277a8d8]
Event: 0.272 Thread 0x0000000018f75000   50       1       java.lang.reflect.Method::getName (5 bytes)
Event: 0.272 Thread 0x0000000018f75000 nmethod 50 0x000000000277a0d0 code [0x000000000277a220, 0x000000000277a330]
Event: 0.272 Thread 0x0000000018f75000   44       3       java.util.HashMap$Node::<init> (26 bytes)
Event: 0.272 Thread 0x0000000018f75000 nmethod 44 0x0000000002779cd0 code [0x0000000002779e20, 0x000000000277a010]

GC Heap History (0 events):
No events

Deoptimization events (0 events):
No events

Internal exceptions (2 events):
Event: 0.075 Thread 0x0000000000cbd800 Exception <a 'java/lang/NoSuchMethodError': Method sun.misc.Unsafe.defineClass(Ljava/lang/String;[BII)Ljava/lang/Class; name or signature does not match> (0x00000000d5d8d5f8) thrown at [C:\re\workspace\8-2-build-windows-amd64-cygwin\jdk8u60\4407\hotspot\sr_5ÊoU³?
Event: 0.076 Thread 0x0000000000cbd800 Exception <a 'java/lang/NoSuchMethodError': Method sun.misc.Unsafe.prefetchRead(Ljava/lang/Object;J)V name or signature does not match> (0x00000000d5d8d8e0) thrown at [C:\re\workspace\8-2-build-windows-amd64-cygwin\jdk8u60\4407\hotspot\src\share\vm\prims\j

Events (10 events):
Event: 1622.492 Executing VM operation: GetCurrentLocation
Event: 1622.492 Executing VM operation: GetCurrentLocation done
Event: 1622.492 Executing VM operation: EnterInterpOnlyMode
Event: 1622.492 Executing VM operation: EnterInterpOnlyMode done
Event: 1622.492 Executing VM operation: ChangeSingleStep
Event: 1622.492 Executing VM operation: ChangeSingleStep done
Event: 1622.492 Executing VM operation: ChangeSingleStep
Event: 1622.493 Executing VM operation: ChangeSingleStep done
Event: 1622.498 Executing VM operation: RedefineClasses
Event: 1622.498 Executing VM operation: RedefineClasses done


Dynamic libraries:
0x00007ff72e8c0000 - 0x00007ff72e8f7000 	D:\java64\jdk1.8.0\bin\javaw.exe
0x00007ffc6bba0000 - 0x00007ffc6bd71000 	C:\Windows\SYSTEM32\ntdll.dll
0x00007ffc6a430000 - 0x00007ffc6a4db000 	C:\Windows\System32\KERNEL32.DLL
0x00007ffc68410000 - 0x00007ffc6862d000 	C:\Windows\System32\KERNELBASE.dll
0x00007ffc69a90000 - 0x00007ffc69b32000 	C:\Windows\System32\ADVAPI32.dll
0x00007ffc6a0b0000 - 0x00007ffc6a14e000 	C:\Windows\System32\msvcrt.dll
0x00007ffc698c0000 - 0x00007ffc69919000 	C:\Windows\System32\sechost.dll
0x00007ffc69130000 - 0x00007ffc69251000 	C:\Windows\System32\RPCRT4.dll
0x00007ffc69920000 - 0x00007ffc69a85000 	C:\Windows\System32\USER32.dll
0x00007ffc68260000 - 0x00007ffc6827e000 	C:\Windows\System32\win32u.dll
0x00007ffc697b0000 - 0x00007ffc697e4000 	C:\Windows\System32\GDI32.dll
0x00007ffc68280000 - 0x00007ffc68402000 	C:\Windows\System32\gdi32full.dll
0x00007ffc5c3d0000 - 0x00007ffc5c64a000 	C:\Windows\WinSxS\amd64_microsoft.windows.common-controls_6595b64144ccf1df_6.0.14393.953_none_42151e83c686086b\COMCTL32.dll
0x00007ffc69480000 - 0x00007ffc69748000 	C:\Windows\System32\combase.dll
0x00007ffc68800000 - 0x00007ffc688f5000 	C:\Windows\System32\ucrtbase.dll
0x00007ffc68090000 - 0x00007ffc680fa000 	C:\Windows\System32\bcryptPrimitives.dll
0x00007ffc69f80000 - 0x00007ffc69fae000 	C:\Windows\System32\IMM32.DLL
0x0000000056090000 - 0x0000000056162000 	D:\java64\jdk1.8.0\jre\bin\msvcr100.dll
0x0000000056230000 - 0x0000000056ab9000 	D:\java64\jdk1.8.0\jre\bin\server\jvm.dll
0x00007ffc6bb80000 - 0x00007ffc6bb88000 	C:\Windows\System32\PSAPI.DLL
0x00007ffc641f0000 - 0x00007ffc641fa000 	C:\Windows\SYSTEM32\VERSION.dll
0x00007ffc64fb0000 - 0x00007ffc64fd3000 	C:\Windows\SYSTEM32\WINMM.dll
0x00007ffc65f40000 - 0x00007ffc65f49000 	C:\Windows\SYSTEM32\WSOCK32.dll
0x00007ffc6baf0000 - 0x00007ffc6bb5a000 	C:\Windows\System32\WS2_32.dll
0x00007ffc64f80000 - 0x00007ffc64fab000 	C:\Windows\SYSTEM32\WINMMBASE.dll
0x00007ffc68900000 - 0x00007ffc68942000 	C:\Windows\System32\cfgmgr32.dll
0x00000000570a0000 - 0x00000000570af000 	D:\java64\jdk1.8.0\jre\bin\verify.dll
0x0000000056200000 - 0x0000000056229000 	D:\java64\jdk1.8.0\jre\bin\java.dll
0x0000000056050000 - 0x0000000056085000 	D:\java64\jdk1.8.0\jre\bin\jdwp.dll
0x0000000056f80000 - 0x0000000056f88000 	D:\java64\jdk1.8.0\jre\bin\npt.dll
0x00000000561e0000 - 0x00000000561f6000 	D:\java64\jdk1.8.0\jre\bin\zip.dll
0x00007ffc6a5e0000 - 0x00007ffc6bae9000 	C:\Windows\System32\SHELL32.dll
0x00007ffc689b0000 - 0x00007ffc6908a000 	C:\Windows\System32\windows.storage.dll
0x00007ffc68040000 - 0x00007ffc6808c000 	C:\Windows\System32\powrprof.dll
0x00007ffc69750000 - 0x00007ffc697a2000 	C:\Windows\System32\shlwapi.dll
0x00007ffc68010000 - 0x00007ffc6801f000 	C:\Windows\System32\kernel.appcore.dll
0x00007ffc681b0000 - 0x00007ffc68259000 	C:\Windows\System32\shcore.dll
0x00007ffc68020000 - 0x00007ffc68034000 	C:\Windows\System32\profapi.dll
0x0000000056040000 - 0x0000000056049000 	D:\java64\jdk1.8.0\jre\bin\dt_socket.dll
0x00007ffc52460000 - 0x00007ffc52476000 	C:\Windows\system32\napinsp.dll
0x00007ffc52480000 - 0x00007ffc5249a000 	C:\Windows\system32\pnrpnsp.dll
0x00007ffc638b0000 - 0x00007ffc638c8000 	C:\Windows\system32\NLAapi.dll
0x00007ffc678d0000 - 0x00007ffc6792c000 	C:\Windows\System32\mswsock.dll
0x00007ffc67690000 - 0x00007ffc67731000 	C:\Windows\SYSTEM32\DNSAPI.dll
0x00007ffc6bb90000 - 0x00007ffc6bb98000 	C:\Windows\System32\NSI.dll
0x00007ffc67650000 - 0x00007ffc67688000 	C:\Windows\SYSTEM32\IPHLPAPI.DLL
0x00007ffc52450000 - 0x00007ffc5245e000 	C:\Windows\System32\winrnr.dll
0x00007ffc524a0000 - 0x00007ffc524b5000 	C:\Windows\System32\wshbth.dll
0x00007ffc60ee0000 - 0x00007ffc60f4a000 	C:\Windows\System32\fwpuclnt.dll
0x00007ffc67f40000 - 0x00007ffc67f6b000 	C:\Windows\SYSTEM32\bcrypt.dll
0x00007ffc60af0000 - 0x00007ffc60afa000 	C:\Windows\System32\rasadhlp.dll
0x00007ffc63cf0000 - 0x00007ffc63e82000 	C:\Windows\SYSTEM32\dbghelp.dll

VM Arguments:
jvm_args: -agentlib:jdwp=transport=dt_socket,suspend=y,address=localhost:62491 -Dfile.encoding=Cp1252 
java_command: tp.utn.demo.domain.Main
java_class_path (initial): D:\Documentos\GitHub\TPAlgoritmosII\bin;D:\java64\eclipse\hsqldb.jar
Launcher Type: SUN_STANDARD

Environment Variables:
PATH=D:\java64\jdk1.8.0\jre\bin;/java64/jdk1.8.0/bin/../jre/bin/server;/java64/jdk1.8.0/bin/../jre/bin;/java64/jdk1.8.0/bin/../jre/lib/amd64;\java64\jdk1.8.0\bin;C:\Windows\system32;C:\Windows;C:\Windows\System32\Wbem;C:\Windows\System32\WindowsPowerShell\v1.0\;C:\Program Files\Microsoft SQL Server\120\Tools\Binn\;C:\Program Files\OpenVPN\bin;C:\Program Files\Microsoft SQL Server\130\Tools\Binn\;C:\Program Files (x86)\Microsoft Emulator Manager\1.0\;C:\Program Files (x86)\nodejs\;C:\Program Files\Git\cmd;C:\Program Files (x86)\Windows Kits\10\Windows Performance Toolkit\;C:\Program Files\TortoiseSVN\bin;C:\Program Files (x86)\Microsoft SQL Server\Client SDK\ODBC\130\Tools\Binn\;C:\Program Files (x86)\Microsoft SQL Server\130\Tools\Binn\;C:\Program Files (x86)\Microsoft SQL Server\130\DTS\Binn\;C:\Program Files (x86)\Microsoft SQL Server\130\Tools\Binn\ManagementStudio\;C:\Program Files (x86)\PuTTY\;C:\Program Files\dotnet\;C:\Users\TATIANA\AppData\Local\Microsoft\WindowsApps;C:\Users\TATIANA\AppData\Roaming\npm;D:\java64\eclipse;
USERNAME=TATIANA
OS=Windows_NT
PROCESSOR_IDENTIFIER=Intel64 Family 6 Model 58 Stepping 9, GenuineIntel



---------------  S Y S T E M  ---------------

OS: Windows 10.0 , 64 bit Build 14393 (10.0.14393.0)

CPU:total 4 (2 cores per cpu, 2 threads per core) family 6 model 58 stepping 9, cmov, cx8, fxsr, mmx, sse, sse2, sse3, ssse3, sse4.1, sse4.2, popcnt, avx, aes, clmul, erms, ht, tsc, tscinvbit, tscinv

Memory: 4k page, physical 8288616k(1932544k free), swap 13534744k(5484476k free)

vm_info: Java HotSpot(TM) 64-Bit Server VM (25.60-b23) for windows-amd64 JRE (1.8.0_60-b27), built on Aug  4 2015 11:06:27 by "java_re" with MS VC++ 10.0 (VS2010)

time: Sun Apr 02 19:33:00 2017
elapsed time: 1622 seconds (0d 0h 27m 2s)

